Copyright 1986-2018 Xilinx, Inc. All Rights Reserved.
----------------------------------------------------------------------------------------------------------------------------------------------------------
| Tool Version     : Vivado v.2018.2 (win64) Build 2258646 Thu Jun 14 20:03:12 MDT 2018
| Date             : Wed Dec 20 08:02:20 2023
| Host             : Lucifer-Morning-Star running 64-bit major release  (build 9200)
| Command          : report_power -file Pipeline_top_power_routed.rpt -pb Pipeline_top_power_summary_routed.pb -rpx Pipeline_top_power_routed.rpx
| Design           : Pipeline_top
| Device           : xc7a100tcsg324-1
| Design State     : routed
| Grade            : commercial
| Process          : typical
| Characterization : Production
----------------------------------------------------------------------------------------------------------------------------------------------------------

Power Report

Table of Contents
-----------------
1. Summary
1.1 On-Chip Components
1.2 Power Supply Summary
1.3 Confidence Level
2. Settings
2.1 Environment
2.2 Clock Constraints
3. Detailed Reports
3.1 By Hierarchy

1. Summary
----------

+--------------------------+--------------+
| Total On-Chip Power (W)  | 0.133        |
| Design Power Budget (W)  | Unspecified* |
| Power Budget Margin (W)  | NA           |
| Dynamic (W)              | 0.036        |
| Device Static (W)        | 0.097        |
| Effective TJA (C/W)      | 4.6          |
| Max Ambient (C)          | 84.4         |
| Junction Temperature (C) | 25.6         |
| Confidence Level         | Low          |
| Setting File             | ---          |
| Simulation Activity File | ---          |
| Design Nets Matched      | NA           |
+--------------------------+--------------+
* Specify Design Power Budget using, set_operating_conditions -design_power_budget <value in Watts>


1.1 On-Chip Components
----------------------

+--------------------------+-----------+----------+-----------+-----------------+
| On-Chip                  | Power (W) | Used     | Available | Utilization (%) |
+--------------------------+-----------+----------+-----------+-----------------+
| Clocks                   |     0.003 |        3 |       --- |             --- |
| Slice Logic              |    <0.001 |      658 |       --- |             --- |
|   LUT as Logic           |    <0.001 |      234 |     63400 |            0.37 |
|   CARRY4                 |    <0.001 |       27 |     15850 |            0.17 |
|   Register               |    <0.001 |      223 |    126800 |            0.18 |
|   Others                 |     0.000 |       17 |       --- |             --- |
|   LUT as Distributed RAM |     0.000 |       48 |     19000 |            0.25 |
|   F7/F8 Muxes            |     0.000 |        3 |     63400 |           <0.01 |
|   BUFG                   |     0.000 |        1 |        32 |            3.13 |
| Signals                  |    <0.001 |      574 |       --- |             --- |
| DSPs                     |     0.000 |        3 |       240 |            1.25 |
| I/O                      |     0.031 |       19 |       210 |            9.05 |
| Static Power             |     0.097 |          |           |                 |
| Total                    |     0.133 |          |           |                 |
+--------------------------+-----------+----------+-----------+-----------------+


1.2 Power Supply Summary
------------------------

+-----------+-------------+-----------+-------------+------------+
| Source    | Voltage (V) | Total (A) | Dynamic (A) | Static (A) |
+-----------+-------------+-----------+-------------+------------+
| Vccint    |       1.000 |     0.020 |       0.005 |      0.015 |
| Vccaux    |       1.800 |     0.019 |       0.001 |      0.018 |
| Vcco33    |       3.300 |     0.013 |       0.009 |      0.004 |
| Vcco25    |       2.500 |     0.000 |       0.000 |      0.000 |
| Vcco18    |       1.800 |     0.000 |       0.000 |      0.000 |
| Vcco15    |       1.500 |     0.000 |       0.000 |      0.000 |
| Vcco135   |       1.350 |     0.000 |       0.000 |      0.000 |
| Vcco12    |       1.200 |     0.000 |       0.000 |      0.000 |
| Vccaux_io |       1.800 |     0.000 |       0.000 |      0.000 |
| Vccbram   |       1.000 |     0.000 |       0.000 |      0.000 |
| MGTAVcc   |       1.000 |     0.000 |       0.000 |      0.000 |
| MGTAVtt   |       1.200 |     0.000 |       0.000 |      0.000 |
| Vccadc    |       1.800 |     0.020 |       0.000 |      0.020 |
+-----------+-------------+-----------+-------------+------------+


1.3 Confidence Level
--------------------

+-----------------------------+------------+-------------------------------------------------------+--------------------------------------------------------------------------------------------------------------------+
| User Input Data             | Confidence | Details                                               | Action                                                                                                             |
+-----------------------------+------------+-------------------------------------------------------+--------------------------------------------------------------------------------------------------------------------+
| Design implementation state | High       | Design is routed                                      |                                                                                                                    |
| Clock nodes activity        | Low        | User specified less than 75% of clocks                | Provide missing clock activity with a constraint file, simulation results or by editing the "By Clock Domain" view |
| I/O nodes activity          | Medium     | More than 5% of inputs are missing user specification | Provide missing input activity with simulation results or by editing the "By Resource Type -> I/Os" view           |
| Internal nodes activity     | Medium     | User specified less than 25% of internal nodes        | Provide missing internal nodes activity with simulation results or by editing the "By Resource Type" views         |
| Device models               | High       | Device models are Production                          |                                                                                                                    |
|                             |            |                                                       |                                                                                                                    |
| Overall confidence level    | Low        |                                                       |                                                                                                                    |
+-----------------------------+------------+-------------------------------------------------------+--------------------------------------------------------------------------------------------------------------------+


2. Settings
-----------

2.1 Environment
---------------

+-----------------------+--------------------------+
| Ambient Temp (C)      | 25.0                     |
| ThetaJA (C/W)         | 4.6                      |
| Airflow (LFM)         | 250                      |
| Heat Sink             | medium (Medium Profile)  |
| ThetaSA (C/W)         | 4.6                      |
| Board Selection       | medium (10"x10")         |
| # of Board Layers     | 12to15 (12 to 15 Layers) |
| Board Temperature (C) | 25.0                     |
+-----------------------+--------------------------+


2.2 Clock Constraints
---------------------

+------------+------------+-----------------+
| Clock      | Domain     | Constraint (ns) |
+------------+------------+-----------------+
| clk_100mhz | clk_100mhz |             3.1 |
+------------+------------+-----------------+


3. Detailed Reports
-------------------

3.1 By Hierarchy
----------------

+-----------------------------------+-----------+
| Name                              | Power (W) |
+-----------------------------------+-----------+
| Pipeline_top                      |     0.036 |
|   Decode                          |     0.000 |
|     Register_File                 |     0.000 |
|       Registers_reg_r1_0_31_0_5   |     0.000 |
|       Registers_reg_r1_0_31_12_17 |     0.000 |
|       Registers_reg_r1_0_31_18_23 |     0.000 |
|       Registers_reg_r1_0_31_24_29 |     0.000 |
|       Registers_reg_r1_0_31_30_31 |     0.000 |
|       Registers_reg_r1_0_31_6_11  |     0.000 |
|       Registers_reg_r2_0_31_0_5   |     0.000 |
|       Registers_reg_r2_0_31_12_17 |     0.000 |
|       Registers_reg_r2_0_31_18_23 |     0.000 |
|       Registers_reg_r2_0_31_24_29 |     0.000 |
|       Registers_reg_r2_0_31_30_31 |     0.000 |
|       Registers_reg_r2_0_31_6_11  |     0.000 |
|   Execute                         |    <0.001 |
|     ALU                           |     0.000 |
|   Fetch                           |     0.000 |
|     IMEM                          |     0.000 |
|     PC_adder                      |     0.000 |
|     Program_Counter               |     0.000 |
|   Memory                          |     0.000 |
|   clk_slow_inst                   |     0.002 |
|   displaying_ALU                  |     0.002 |
+-----------------------------------+-----------+


