INFO: [VRFC 10-2263] Analyzing Verilog file "E:/UNI/FYP/FYP--Risc-V-32-bit-Matrix-Mac/Project/Single_Cycle_Processor_V_1.2/Single_Cycle_Processor_V_1.2.srcs/sources_1/new/ALU.v" into library xil_defaultlib
INFO: [VRFC 10-311] analyzing module ALU
INFO: [VRFC 10-2263] Analyzing Verilog file "E:/UNI/FYP/FYP--Risc-V-32-bit-Matrix-Mac/Project/Single_Cycle_Processor_V_1.2/Single_Cycle_Processor_V_1.2.srcs/sources_1/new/ALU_Decoder.v" into library xil_defaultlib
INFO: [VRFC 10-311] analyzing module ALU_Decoder
INFO: [VRFC 10-2263] Analyzing Verilog file "E:/UNI/FYP/FYP--Risc-V-32-bit-Matrix-Mac/Project/Single_Cycle_Processor_V_1.2/Single_Cycle_Processor_V_1.2.srcs/sources_1/new/Control_Unit_Top.v" into library xil_defaultlib
INFO: [VRFC 10-311] analyzing module ALU_Decoder
WARNING: [VRFC 10-2845] overwriting previous definition of module ALU_Decoder [E:/UNI/FYP/FYP--Risc-V-32-bit-Matrix-Mac/Project/Single_Cycle_Processor_V_1.2/Single_Cycle_Processor_V_1.2.srcs/sources_1/new/ALU_Decoder.v:24]
INFO: [VRFC 10-311] analyzing module Main_Decoder
INFO: [VRFC 10-311] analyzing module Control_Unit_Top
INFO: [VRFC 10-2263] Analyzing Verilog file "E:/UNI/FYP/FYP--Risc-V-32-bit-Matrix-Mac/Project/Single_Cycle_Processor_V_1.2/Single_Cycle_Processor_V_1.2.srcs/sources_1/new/Data_Memory.v" into library xil_defaultlib
INFO: [VRFC 10-311] analyzing module Data_Memory
INFO: [VRFC 10-2263] Analyzing Verilog file "E:/UNI/FYP/FYP--Risc-V-32-bit-Matrix-Mac/Project/Single_Cycle_Processor_V_1.2/Single_Cycle_Processor_V_1.2.srcs/sources_1/new/Instruction_Memory.v" into library xil_defaultlib
INFO: [VRFC 10-311] analyzing module Instruction_Memory
INFO: [VRFC 10-2263] Analyzing Verilog file "E:/UNI/FYP/FYP--Risc-V-32-bit-Matrix-Mac/Project/Single_Cycle_Processor_V_1.2/Single_Cycle_Processor_V_1.2.srcs/sources_1/new/MUX_2_by_1.v" into library xil_defaultlib
INFO: [VRFC 10-311] analyzing module MUX_2_by_1
INFO: [VRFC 10-2263] Analyzing Verilog file "E:/UNI/FYP/FYP--Risc-V-32-bit-Matrix-Mac/Project/Single_Cycle_Processor_V_1.2/Single_Cycle_Processor_V_1.2.srcs/sources_1/new/Main_Decoder.v" into library xil_defaultlib
INFO: [VRFC 10-311] analyzing module Main_Decoder
WARNING: [VRFC 10-2845] overwriting previous definition of module Main_Decoder [E:/UNI/FYP/FYP--Risc-V-32-bit-Matrix-Mac/Project/Single_Cycle_Processor_V_1.2/Single_Cycle_Processor_V_1.2.srcs/sources_1/new/Main_Decoder.v:24]
INFO: [VRFC 10-2263] Analyzing Verilog file "E:/UNI/FYP/FYP--Risc-V-32-bit-Matrix-Mac/Project/Single_Cycle_Processor_V_1.2/Single_Cycle_Processor_V_1.2.srcs/sources_1/new/PC_Adder.v" into library xil_defaultlib
INFO: [VRFC 10-311] analyzing module PC_Adder
INFO: [VRFC 10-2263] Analyzing Verilog file "E:/UNI/FYP/FYP--Risc-V-32-bit-Matrix-Mac/Project/Single_Cycle_Processor_V_1.2/Single_Cycle_Processor_V_1.2.srcs/sources_1/new/Program_Counter.v" into library xil_defaultlib
INFO: [VRFC 10-311] analyzing module Program_Counter
INFO: [VRFC 10-2263] Analyzing Verilog file "E:/UNI/FYP/FYP--Risc-V-32-bit-Matrix-Mac/Project/Single_Cycle_Processor_V_1.2/Single_Cycle_Processor_V_1.2.srcs/sources_1/new/Register_File.v" into library xil_defaultlib
INFO: [VRFC 10-311] analyzing module Register_File
INFO: [VRFC 10-2263] Analyzing Verilog file "E:/UNI/FYP/FYP--Risc-V-32-bit-Matrix-Mac/Project/Single_Cycle_Processor_V_1.2/Single_Cycle_Processor_V_1.2.srcs/sources_1/new/Sign_Extend.v" into library xil_defaultlib
INFO: [VRFC 10-311] analyzing module Sign_Extend
INFO: [VRFC 10-2263] Analyzing Verilog file "E:/UNI/FYP/FYP--Risc-V-32-bit-Matrix-Mac/Project/Single_Cycle_Processor_V_1.2/Single_Cycle_Processor_V_1.2.srcs/sources_1/new/Single_Cycle_Top.v" into library xil_defaultlib
INFO: [VRFC 10-311] analyzing module Program_Counter
WARNING: [VRFC 10-2845] overwriting previous definition of module Program_Counter [E:/UNI/FYP/FYP--Risc-V-32-bit-Matrix-Mac/Project/Single_Cycle_Processor_V_1.2/Single_Cycle_Processor_V_1.2.srcs/sources_1/new/Program_Counter.v:23]
INFO: [VRFC 10-311] analyzing module Instruction_Memory
WARNING: [VRFC 10-2845] overwriting previous definition of module Instruction_Memory [E:/UNI/FYP/FYP--Risc-V-32-bit-Matrix-Mac/Project/Single_Cycle_Processor_V_1.2/Single_Cycle_Processor_V_1.2.srcs/sources_1/new/Instruction_Memory.v:23]
INFO: [VRFC 10-311] analyzing module Register_File
WARNING: [VRFC 10-2845] overwriting previous definition of module Register_File [E:/UNI/FYP/FYP--Risc-V-32-bit-Matrix-Mac/Project/Single_Cycle_Processor_V_1.2/Single_Cycle_Processor_V_1.2.srcs/sources_1/new/Register_File.v:23]
INFO: [VRFC 10-311] analyzing module Sign_Extend
WARNING: [VRFC 10-2845] overwriting previous definition of module Sign_Extend [E:/UNI/FYP/FYP--Risc-V-32-bit-Matrix-Mac/Project/Single_Cycle_Processor_V_1.2/Single_Cycle_Processor_V_1.2.srcs/sources_1/new/Sign_Extend.v:23]
INFO: [VRFC 10-311] analyzing module ALU
WARNING: [VRFC 10-2845] overwriting previous definition of module ALU [E:/UNI/FYP/FYP--Risc-V-32-bit-Matrix-Mac/Project/Single_Cycle_Processor_V_1.2/Single_Cycle_Processor_V_1.2.srcs/sources_1/new/ALU.v:24]
INFO: [VRFC 10-311] analyzing module ALU_Decoder
INFO: [VRFC 10-311] analyzing module Main_Decoder
INFO: [VRFC 10-311] analyzing module Control_Unit_Top
WARNING: [VRFC 10-2845] overwriting previous definition of module Control_Unit_Top [E:/UNI/FYP/FYP--Risc-V-32-bit-Matrix-Mac/Project/Single_Cycle_Processor_V_1.2/Single_Cycle_Processor_V_1.2.srcs/sources_1/new/Control_Unit_Top.v:26]
INFO: [VRFC 10-311] analyzing module Data_Memory
WARNING: [VRFC 10-2845] overwriting previous definition of module Data_Memory [E:/UNI/FYP/FYP--Risc-V-32-bit-Matrix-Mac/Project/Single_Cycle_Processor_V_1.2/Single_Cycle_Processor_V_1.2.srcs/sources_1/new/Data_Memory.v:23]
INFO: [VRFC 10-311] analyzing module PC_Adder
WARNING: [VRFC 10-2845] overwriting previous definition of module PC_Adder [E:/UNI/FYP/FYP--Risc-V-32-bit-Matrix-Mac/Project/Single_Cycle_Processor_V_1.2/Single_Cycle_Processor_V_1.2.srcs/sources_1/new/PC_Adder.v:23]
INFO: [VRFC 10-311] analyzing module MUX_2_by_1
WARNING: [VRFC 10-2845] overwriting previous definition of module MUX_2_by_1 [E:/UNI/FYP/FYP--Risc-V-32-bit-Matrix-Mac/Project/Single_Cycle_Processor_V_1.2/Single_Cycle_Processor_V_1.2.srcs/sources_1/new/MUX_2_by_1.v:23]
INFO: [VRFC 10-311] analyzing module Single_Cycle_Top
INFO: [VRFC 10-2263] Analyzing Verilog file "E:/UNI/FYP/FYP--Risc-V-32-bit-Matrix-Mac/Project/Single_Cycle_Processor_V_1.2/Single_Cycle_Processor_V_1.2.srcs/Single_Cycle_Top_SimSet/new/Single_Cycle_Top_TB.v" into library xil_defaultlib
INFO: [VRFC 10-311] analyzing module Single_Cycle_Top_Testbench
