Copyright 1986-2018 Xilinx, Inc. All Rights Reserved.
--------------------------------------------------------------------------------------------------------------------------------------------------------------------------------------
| Tool Version : Vivado v.2018.2 (win64) Build 2258646 Thu Jun 14 20:03:12 MDT 2018
| Date         : Wed Dec 20 08:08:20 2023
| Host         : Lucifer-Morning-Star running 64-bit major release  (build 9200)
| Command      : report_methodology -file Single_Cycle_Top_methodology_drc_routed.rpt -pb Single_Cycle_Top_methodology_drc_routed.pb -rpx Single_Cycle_Top_methodology_drc_routed.rpx
| Design       : Single_Cycle_Top
| Device       : xc7a100tcsg324-1
| Speed File   : -1
| Design State : Routed
--------------------------------------------------------------------------------------------------------------------------------------------------------------------------------------

Report Methodology

Table of Contents
-----------------
1. REPORT SUMMARY
2. REPORT DETAILS

1. REPORT SUMMARY
-----------------
            Netlist: netlist
          Floorplan: design_1
      Design limits: <entire design considered>
             Max violations: <unlimited>
             Violations found: 88
+-----------+----------+-------------------------------+------------+
| Rule      | Severity | Description                   | Violations |
+-----------+----------+-------------------------------+------------+
| TIMING-16 | Warning  | Large setup violation         | 52         |
| TIMING-18 | Warning  | Missing input or output delay | 36         |
+-----------+----------+-------------------------------+------------+

2. REPORT DETAILS
-----------------
TIMING-16#1 Warning
Large setup violation  
There is a large setup violation of -1.008 ns between Register_File/Registers_reg_r1_0_31_0_5/RAMA/CLK (clocked by clk) and Register_File/Registers_reg_r2_0_31_12_17/RAMB_D1/I (clocked by clk). Large setup violations at the end of those stages might be difficult to fix during the post-placement implementation flow and could be the result of non-optimal XDC constraints or non-optimal design architecture
Related violations: <none>

TIMING-16#2 Warning
Large setup violation  
There is a large setup violation of -1.056 ns between Register_File/Registers_reg_r1_0_31_0_5/RAMA/CLK (clocked by clk) and Register_File/Registers_reg_r1_0_31_6_11/RAMC_D1/I (clocked by clk). Large setup violations at the end of those stages might be difficult to fix during the post-placement implementation flow and could be the result of non-optimal XDC constraints or non-optimal design architecture
Related violations: <none>

TIMING-16#3 Warning
Large setup violation  
There is a large setup violation of -1.072 ns between Register_File/Registers_reg_r1_0_31_0_5/RAMA/CLK (clocked by clk) and Register_File/Registers_reg_r2_0_31_6_11/RAMC/I (clocked by clk). Large setup violations at the end of those stages might be difficult to fix during the post-placement implementation flow and could be the result of non-optimal XDC constraints or non-optimal design architecture
Related violations: <none>

TIMING-16#4 Warning
Large setup violation  
There is a large setup violation of -1.074 ns between Register_File/Registers_reg_r1_0_31_0_5/RAMA/CLK (clocked by clk) and Register_File/Registers_reg_r2_0_31_6_11/RAMB/I (clocked by clk). Large setup violations at the end of those stages might be difficult to fix during the post-placement implementation flow and could be the result of non-optimal XDC constraints or non-optimal design architecture
Related violations: <none>

TIMING-16#5 Warning
Large setup violation  
There is a large setup violation of -1.104 ns between Register_File/Registers_reg_r1_0_31_0_5/RAMA/CLK (clocked by clk) and Register_File/Registers_reg_r2_0_31_12_17/RAMC/I (clocked by clk). Large setup violations at the end of those stages might be difficult to fix during the post-placement implementation flow and could be the result of non-optimal XDC constraints or non-optimal design architecture
Related violations: <none>

TIMING-16#6 Warning
Large setup violation  
There is a large setup violation of -1.105 ns between Register_File/Registers_reg_r1_0_31_0_5/RAMA/CLK (clocked by clk) and Register_File/Registers_reg_r1_0_31_12_17/RAMC/I (clocked by clk). Large setup violations at the end of those stages might be difficult to fix during the post-placement implementation flow and could be the result of non-optimal XDC constraints or non-optimal design architecture
Related violations: <none>

TIMING-16#7 Warning
Large setup violation  
There is a large setup violation of -1.108 ns between Register_File/Registers_reg_r1_0_31_0_5/RAMA/CLK (clocked by clk) and Register_File/Registers_reg_r1_0_31_6_11/RAMC/I (clocked by clk). Large setup violations at the end of those stages might be difficult to fix during the post-placement implementation flow and could be the result of non-optimal XDC constraints or non-optimal design architecture
Related violations: <none>

TIMING-16#8 Warning
Large setup violation  
There is a large setup violation of -1.111 ns between Register_File/Registers_reg_r1_0_31_0_5/RAMA/CLK (clocked by clk) and Register_File/Registers_reg_r2_0_31_0_5/RAMC_D1/I (clocked by clk). Large setup violations at the end of those stages might be difficult to fix during the post-placement implementation flow and could be the result of non-optimal XDC constraints or non-optimal design architecture
Related violations: <none>

TIMING-16#9 Warning
Large setup violation  
There is a large setup violation of -1.120 ns between Register_File/Registers_reg_r1_0_31_0_5/RAMA/CLK (clocked by clk) and Register_File/Registers_reg_r2_0_31_12_17/RAMA/I (clocked by clk). Large setup violations at the end of those stages might be difficult to fix during the post-placement implementation flow and could be the result of non-optimal XDC constraints or non-optimal design architecture
Related violations: <none>

TIMING-16#10 Warning
Large setup violation  
There is a large setup violation of -1.131 ns between Register_File/Registers_reg_r1_0_31_0_5/RAMA/CLK (clocked by clk) and Register_File/Registers_reg_r1_0_31_12_17/RAMA/I (clocked by clk). Large setup violations at the end of those stages might be difficult to fix during the post-placement implementation flow and could be the result of non-optimal XDC constraints or non-optimal design architecture
Related violations: <none>

TIMING-16#11 Warning
Large setup violation  
There is a large setup violation of -1.131 ns between Register_File/Registers_reg_r1_0_31_0_5/RAMA/CLK (clocked by clk) and Register_File/Registers_reg_r2_0_31_6_11/RAMA_D1/I (clocked by clk). Large setup violations at the end of those stages might be difficult to fix during the post-placement implementation flow and could be the result of non-optimal XDC constraints or non-optimal design architecture
Related violations: <none>

TIMING-16#12 Warning
Large setup violation  
There is a large setup violation of -1.142 ns between Register_File/Registers_reg_r1_0_31_0_5/RAMA/CLK (clocked by clk) and Register_File/Registers_reg_r2_0_31_18_23/RAMA/I (clocked by clk). Large setup violations at the end of those stages might be difficult to fix during the post-placement implementation flow and could be the result of non-optimal XDC constraints or non-optimal design architecture
Related violations: <none>

TIMING-16#13 Warning
Large setup violation  
There is a large setup violation of -1.156 ns between Register_File/Registers_reg_r1_0_31_0_5/RAMA/CLK (clocked by clk) and Register_File/Registers_reg_r1_0_31_12_17/RAMB_D1/I (clocked by clk). Large setup violations at the end of those stages might be difficult to fix during the post-placement implementation flow and could be the result of non-optimal XDC constraints or non-optimal design architecture
Related violations: <none>

TIMING-16#14 Warning
Large setup violation  
There is a large setup violation of -1.165 ns between Register_File/Registers_reg_r1_0_31_0_5/RAMA/CLK (clocked by clk) and Register_File/Registers_reg_r1_0_31_18_23/RAMA/I (clocked by clk). Large setup violations at the end of those stages might be difficult to fix during the post-placement implementation flow and could be the result of non-optimal XDC constraints or non-optimal design architecture
Related violations: <none>

TIMING-16#15 Warning
Large setup violation  
There is a large setup violation of -1.193 ns between Register_File/Registers_reg_r1_0_31_0_5/RAMA/CLK (clocked by clk) and Register_File/Registers_reg_r2_0_31_6_11/RAMC_D1/I (clocked by clk). Large setup violations at the end of those stages might be difficult to fix during the post-placement implementation flow and could be the result of non-optimal XDC constraints or non-optimal design architecture
Related violations: <none>

TIMING-16#16 Warning
Large setup violation  
There is a large setup violation of -1.196 ns between Register_File/Registers_reg_r1_0_31_0_5/RAMA/CLK (clocked by clk) and Register_File/Registers_reg_r2_0_31_12_17/RAMA_D1/I (clocked by clk). Large setup violations at the end of those stages might be difficult to fix during the post-placement implementation flow and could be the result of non-optimal XDC constraints or non-optimal design architecture
Related violations: <none>

TIMING-16#17 Warning
Large setup violation  
There is a large setup violation of -1.197 ns between Register_File/Registers_reg_r1_0_31_0_5/RAMA/CLK (clocked by clk) and Register_File/Registers_reg_r1_0_31_6_11/RAMB/I (clocked by clk). Large setup violations at the end of those stages might be difficult to fix during the post-placement implementation flow and could be the result of non-optimal XDC constraints or non-optimal design architecture
Related violations: <none>

TIMING-16#18 Warning
Large setup violation  
There is a large setup violation of -1.224 ns between Register_File/Registers_reg_r1_0_31_0_5/RAMA/CLK (clocked by clk) and Register_File/Registers_reg_r1_0_31_6_11/RAMB_D1/I (clocked by clk). Large setup violations at the end of those stages might be difficult to fix during the post-placement implementation flow and could be the result of non-optimal XDC constraints or non-optimal design architecture
Related violations: <none>

TIMING-16#19 Warning
Large setup violation  
There is a large setup violation of -1.228 ns between Register_File/Registers_reg_r1_0_31_0_5/RAMA/CLK (clocked by clk) and Register_File/Registers_reg_r1_0_31_6_11/RAMA_D1/I (clocked by clk). Large setup violations at the end of those stages might be difficult to fix during the post-placement implementation flow and could be the result of non-optimal XDC constraints or non-optimal design architecture
Related violations: <none>

TIMING-16#20 Warning
Large setup violation  
There is a large setup violation of -1.232 ns between Register_File/Registers_reg_r1_0_31_0_5/RAMA/CLK (clocked by clk) and Register_File/Registers_reg_r1_0_31_12_17/RAMB/I (clocked by clk). Large setup violations at the end of those stages might be difficult to fix during the post-placement implementation flow and could be the result of non-optimal XDC constraints or non-optimal design architecture
Related violations: <none>

TIMING-16#21 Warning
Large setup violation  
There is a large setup violation of -1.239 ns between Register_File/Registers_reg_r2_0_31_0_5/RAMA/CLK (clocked by clk) and Register_File/Registers_reg_r1_0_31_0_5/RAMC_D1/I (clocked by clk). Large setup violations at the end of those stages might be difficult to fix during the post-placement implementation flow and could be the result of non-optimal XDC constraints or non-optimal design architecture
Related violations: <none>

TIMING-16#22 Warning
Large setup violation  
There is a large setup violation of -1.326 ns between Register_File/Registers_reg_r1_0_31_0_5/RAMA/CLK (clocked by clk) and Register_File/Registers_reg_r2_0_31_12_17/RAMB/I (clocked by clk). Large setup violations at the end of those stages might be difficult to fix during the post-placement implementation flow and could be the result of non-optimal XDC constraints or non-optimal design architecture
Related violations: <none>

TIMING-16#23 Warning
Large setup violation  
There is a large setup violation of -1.330 ns between Register_File/Registers_reg_r1_0_31_0_5/RAMA/CLK (clocked by clk) and Register_File/Registers_reg_r1_0_31_12_17/RAMA_D1/I (clocked by clk). Large setup violations at the end of those stages might be difficult to fix during the post-placement implementation flow and could be the result of non-optimal XDC constraints or non-optimal design architecture
Related violations: <none>

TIMING-16#24 Warning
Large setup violation  
There is a large setup violation of -1.332 ns between Register_File/Registers_reg_r1_0_31_0_5/RAMA/CLK (clocked by clk) and Register_File/Registers_reg_r1_0_31_24_29/RAMA/I (clocked by clk). Large setup violations at the end of those stages might be difficult to fix during the post-placement implementation flow and could be the result of non-optimal XDC constraints or non-optimal design architecture
Related violations: <none>

TIMING-16#25 Warning
Large setup violation  
There is a large setup violation of -1.343 ns between Register_File/Registers_reg_r1_0_31_0_5/RAMA/CLK (clocked by clk) and Register_File/Registers_reg_r2_0_31_24_29/RAMC/I (clocked by clk). Large setup violations at the end of those stages might be difficult to fix during the post-placement implementation flow and could be the result of non-optimal XDC constraints or non-optimal design architecture
Related violations: <none>

TIMING-16#26 Warning
Large setup violation  
There is a large setup violation of -1.348 ns between Register_File/Registers_reg_r1_0_31_0_5/RAMA/CLK (clocked by clk) and Register_File/Registers_reg_r2_0_31_6_11/RAMB_D1/I (clocked by clk). Large setup violations at the end of those stages might be difficult to fix during the post-placement implementation flow and could be the result of non-optimal XDC constraints or non-optimal design architecture
Related violations: <none>

TIMING-16#27 Warning
Large setup violation  
There is a large setup violation of -1.352 ns between Register_File/Registers_reg_r1_0_31_0_5/RAMA/CLK (clocked by clk) and Register_File/Registers_reg_r1_0_31_24_29/RAMB_D1/I (clocked by clk). Large setup violations at the end of those stages might be difficult to fix during the post-placement implementation flow and could be the result of non-optimal XDC constraints or non-optimal design architecture
Related violations: <none>

TIMING-16#28 Warning
Large setup violation  
There is a large setup violation of -1.400 ns between Register_File/Registers_reg_r1_0_31_0_5/RAMA/CLK (clocked by clk) and Register_File/Registers_reg_r2_0_31_18_23/RAMC/I (clocked by clk). Large setup violations at the end of those stages might be difficult to fix during the post-placement implementation flow and could be the result of non-optimal XDC constraints or non-optimal design architecture
Related violations: <none>

TIMING-16#29 Warning
Large setup violation  
There is a large setup violation of -1.401 ns between Register_File/Registers_reg_r1_0_31_0_5/RAMA/CLK (clocked by clk) and Register_File/Registers_reg_r1_0_31_18_23/RAMC_D1/I (clocked by clk). Large setup violations at the end of those stages might be difficult to fix during the post-placement implementation flow and could be the result of non-optimal XDC constraints or non-optimal design architecture
Related violations: <none>

TIMING-16#30 Warning
Large setup violation  
There is a large setup violation of -1.402 ns between Register_File/Registers_reg_r1_0_31_0_5/RAMA/CLK (clocked by clk) and Register_File/Registers_reg_r2_0_31_18_23/RAMB/I (clocked by clk). Large setup violations at the end of those stages might be difficult to fix during the post-placement implementation flow and could be the result of non-optimal XDC constraints or non-optimal design architecture
Related violations: <none>

TIMING-16#31 Warning
Large setup violation  
There is a large setup violation of -1.436 ns between Register_File/Registers_reg_r1_0_31_0_5/RAMA/CLK (clocked by clk) and Register_File/Registers_reg_r1_0_31_18_23/RAMC/I (clocked by clk). Large setup violations at the end of those stages might be difficult to fix during the post-placement implementation flow and could be the result of non-optimal XDC constraints or non-optimal design architecture
Related violations: <none>

TIMING-16#32 Warning
Large setup violation  
There is a large setup violation of -1.450 ns between Register_File/Registers_reg_r1_0_31_0_5/RAMA/CLK (clocked by clk) and Register_File/Registers_reg_r2_0_31_18_23/RAMA_D1/I (clocked by clk). Large setup violations at the end of those stages might be difficult to fix during the post-placement implementation flow and could be the result of non-optimal XDC constraints or non-optimal design architecture
Related violations: <none>

TIMING-16#33 Warning
Large setup violation  
There is a large setup violation of -1.468 ns between Register_File/Registers_reg_r1_0_31_0_5/RAMA/CLK (clocked by clk) and Register_File/Registers_reg_r2_0_31_12_17/RAMC_D1/I (clocked by clk). Large setup violations at the end of those stages might be difficult to fix during the post-placement implementation flow and could be the result of non-optimal XDC constraints or non-optimal design architecture
Related violations: <none>

TIMING-16#34 Warning
Large setup violation  
There is a large setup violation of -1.495 ns between Register_File/Registers_reg_r1_0_31_0_5/RAMA/CLK (clocked by clk) and Register_File/Registers_reg_r1_0_31_24_29/RAMC/I (clocked by clk). Large setup violations at the end of those stages might be difficult to fix during the post-placement implementation flow and could be the result of non-optimal XDC constraints or non-optimal design architecture
Related violations: <none>

TIMING-16#35 Warning
Large setup violation  
There is a large setup violation of -1.505 ns between Register_File/Registers_reg_r1_0_31_0_5/RAMA/CLK (clocked by clk) and Register_File/Registers_reg_r1_0_31_30_31/RAMA/I (clocked by clk). Large setup violations at the end of those stages might be difficult to fix during the post-placement implementation flow and could be the result of non-optimal XDC constraints or non-optimal design architecture
Related violations: <none>

TIMING-16#36 Warning
Large setup violation  
There is a large setup violation of -1.525 ns between Register_File/Registers_reg_r1_0_31_0_5/RAMA/CLK (clocked by clk) and Register_File/Registers_reg_r1_0_31_18_23/RAMB/I (clocked by clk). Large setup violations at the end of those stages might be difficult to fix during the post-placement implementation flow and could be the result of non-optimal XDC constraints or non-optimal design architecture
Related violations: <none>

TIMING-16#37 Warning
Large setup violation  
There is a large setup violation of -1.536 ns between Register_File/Registers_reg_r1_0_31_0_5/RAMA/CLK (clocked by clk) and Register_File/Registers_reg_r2_0_31_24_29/RAMB_D1/I (clocked by clk). Large setup violations at the end of those stages might be difficult to fix during the post-placement implementation flow and could be the result of non-optimal XDC constraints or non-optimal design architecture
Related violations: <none>

TIMING-16#38 Warning
Large setup violation  
There is a large setup violation of -1.537 ns between Register_File/Registers_reg_r1_0_31_0_5/RAMA/CLK (clocked by clk) and Register_File/Registers_reg_r1_0_31_24_29/RAMA_D1/I (clocked by clk). Large setup violations at the end of those stages might be difficult to fix during the post-placement implementation flow and could be the result of non-optimal XDC constraints or non-optimal design architecture
Related violations: <none>

TIMING-16#39 Warning
Large setup violation  
There is a large setup violation of -1.538 ns between Register_File/Registers_reg_r1_0_31_0_5/RAMA/CLK (clocked by clk) and Register_File/Registers_reg_r2_0_31_18_23/RAMC_D1/I (clocked by clk). Large setup violations at the end of those stages might be difficult to fix during the post-placement implementation flow and could be the result of non-optimal XDC constraints or non-optimal design architecture
Related violations: <none>

TIMING-16#40 Warning
Large setup violation  
There is a large setup violation of -1.557 ns between Register_File/Registers_reg_r1_0_31_0_5/RAMA/CLK (clocked by clk) and Register_File/Registers_reg_r2_0_31_24_29/RAMB/I (clocked by clk). Large setup violations at the end of those stages might be difficult to fix during the post-placement implementation flow and could be the result of non-optimal XDC constraints or non-optimal design architecture
Related violations: <none>

TIMING-16#41 Warning
Large setup violation  
There is a large setup violation of -1.573 ns between Register_File/Registers_reg_r1_0_31_0_5/RAMA/CLK (clocked by clk) and Register_File/Registers_reg_r1_0_31_18_23/RAMA_D1/I (clocked by clk). Large setup violations at the end of those stages might be difficult to fix during the post-placement implementation flow and could be the result of non-optimal XDC constraints or non-optimal design architecture
Related violations: <none>

TIMING-16#42 Warning
Large setup violation  
There is a large setup violation of -1.576 ns between Register_File/Registers_reg_r1_0_31_0_5/RAMA/CLK (clocked by clk) and Register_File/Registers_reg_r1_0_31_12_17/RAMC_D1/I (clocked by clk). Large setup violations at the end of those stages might be difficult to fix during the post-placement implementation flow and could be the result of non-optimal XDC constraints or non-optimal design architecture
Related violations: <none>

TIMING-16#43 Warning
Large setup violation  
There is a large setup violation of -1.585 ns between Register_File/Registers_reg_r1_0_31_0_5/RAMA/CLK (clocked by clk) and Register_File/Registers_reg_r1_0_31_18_23/RAMB_D1/I (clocked by clk). Large setup violations at the end of those stages might be difficult to fix during the post-placement implementation flow and could be the result of non-optimal XDC constraints or non-optimal design architecture
Related violations: <none>

TIMING-16#44 Warning
Large setup violation  
There is a large setup violation of -1.589 ns between Register_File/Registers_reg_r1_0_31_0_5/RAMA/CLK (clocked by clk) and Register_File/Registers_reg_r2_0_31_24_29/RAMA/I (clocked by clk). Large setup violations at the end of those stages might be difficult to fix during the post-placement implementation flow and could be the result of non-optimal XDC constraints or non-optimal design architecture
Related violations: <none>

TIMING-16#45 Warning
Large setup violation  
There is a large setup violation of -1.649 ns between Register_File/Registers_reg_r1_0_31_0_5/RAMA/CLK (clocked by clk) and Register_File/Registers_reg_r1_0_31_24_29/RAMB/I (clocked by clk). Large setup violations at the end of those stages might be difficult to fix during the post-placement implementation flow and could be the result of non-optimal XDC constraints or non-optimal design architecture
Related violations: <none>

TIMING-16#46 Warning
Large setup violation  
There is a large setup violation of -1.656 ns between Register_File/Registers_reg_r1_0_31_0_5/RAMA/CLK (clocked by clk) and Register_File/Registers_reg_r2_0_31_30_31/RAMA/I (clocked by clk). Large setup violations at the end of those stages might be difficult to fix during the post-placement implementation flow and could be the result of non-optimal XDC constraints or non-optimal design architecture
Related violations: <none>

TIMING-16#47 Warning
Large setup violation  
There is a large setup violation of -1.692 ns between Register_File/Registers_reg_r1_0_31_0_5/RAMA/CLK (clocked by clk) and Register_File/Registers_reg_r2_0_31_18_23/RAMB_D1/I (clocked by clk). Large setup violations at the end of those stages might be difficult to fix during the post-placement implementation flow and could be the result of non-optimal XDC constraints or non-optimal design architecture
Related violations: <none>

TIMING-16#48 Warning
Large setup violation  
There is a large setup violation of -1.803 ns between Register_File/Registers_reg_r1_0_31_0_5/RAMA/CLK (clocked by clk) and Register_File/Registers_reg_r2_0_31_24_29/RAMA_D1/I (clocked by clk). Large setup violations at the end of those stages might be difficult to fix during the post-placement implementation flow and could be the result of non-optimal XDC constraints or non-optimal design architecture
Related violations: <none>

TIMING-16#49 Warning
Large setup violation  
There is a large setup violation of -1.851 ns between Register_File/Registers_reg_r1_0_31_0_5/RAMA/CLK (clocked by clk) and Register_File/Registers_reg_r1_0_31_24_29/RAMC_D1/I (clocked by clk). Large setup violations at the end of those stages might be difficult to fix during the post-placement implementation flow and could be the result of non-optimal XDC constraints or non-optimal design architecture
Related violations: <none>

TIMING-16#50 Warning
Large setup violation  
There is a large setup violation of -1.869 ns between Register_File/Registers_reg_r1_0_31_0_5/RAMA/CLK (clocked by clk) and Register_File/Registers_reg_r1_0_31_30_31/RAMA_D1/I (clocked by clk). Large setup violations at the end of those stages might be difficult to fix during the post-placement implementation flow and could be the result of non-optimal XDC constraints or non-optimal design architecture
Related violations: <none>

TIMING-16#51 Warning
Large setup violation  
There is a large setup violation of -1.882 ns between Register_File/Registers_reg_r1_0_31_0_5/RAMA/CLK (clocked by clk) and Register_File/Registers_reg_r2_0_31_30_31/RAMA_D1/I (clocked by clk). Large setup violations at the end of those stages might be difficult to fix during the post-placement implementation flow and could be the result of non-optimal XDC constraints or non-optimal design architecture
Related violations: <none>

TIMING-16#52 Warning
Large setup violation  
There is a large setup violation of -1.894 ns between Register_File/Registers_reg_r1_0_31_0_5/RAMA/CLK (clocked by clk) and Register_File/Registers_reg_r2_0_31_24_29/RAMC_D1/I (clocked by clk). Large setup violations at the end of those stages might be difficult to fix during the post-placement implementation flow and could be the result of non-optimal XDC constraints or non-optimal design architecture
Related violations: <none>

TIMING-18#1 Warning
Missing input or output delay  
An input delay is missing on rst relative to clock(s) clk
Related violations: <none>

TIMING-18#2 Warning
Missing input or output delay  
An output delay is missing on OUT[0] relative to clock(s) clk
Related violations: <none>

TIMING-18#3 Warning
Missing input or output delay  
An output delay is missing on OUT[10] relative to clock(s) clk
Related violations: <none>

TIMING-18#4 Warning
Missing input or output delay  
An output delay is missing on OUT[11] relative to clock(s) clk
Related violations: <none>

TIMING-18#5 Warning
Missing input or output delay  
An output delay is missing on OUT[12] relative to clock(s) clk
Related violations: <none>

TIMING-18#6 Warning
Missing input or output delay  
An output delay is missing on OUT[13] relative to clock(s) clk
Related violations: <none>

TIMING-18#7 Warning
Missing input or output delay  
An output delay is missing on OUT[14] relative to clock(s) clk
Related violations: <none>

TIMING-18#8 Warning
Missing input or output delay  
An output delay is missing on OUT[15] relative to clock(s) clk
Related violations: <none>

TIMING-18#9 Warning
Missing input or output delay  
An output delay is missing on OUT[16] relative to clock(s) clk
Related violations: <none>

TIMING-18#10 Warning
Missing input or output delay  
An output delay is missing on OUT[17] relative to clock(s) clk
Related violations: <none>

TIMING-18#11 Warning
Missing input or output delay  
An output delay is missing on OUT[18] relative to clock(s) clk
Related violations: <none>

TIMING-18#12 Warning
Missing input or output delay  
An output delay is missing on OUT[19] relative to clock(s) clk
Related violations: <none>

TIMING-18#13 Warning
Missing input or output delay  
An output delay is missing on OUT[1] relative to clock(s) clk
Related violations: <none>

TIMING-18#14 Warning
Missing input or output delay  
An output delay is missing on OUT[20] relative to clock(s) clk
Related violations: <none>

TIMING-18#15 Warning
Missing input or output delay  
An output delay is missing on OUT[21] relative to clock(s) clk
Related violations: <none>

TIMING-18#16 Warning
Missing input or output delay  
An output delay is missing on OUT[22] relative to clock(s) clk
Related violations: <none>

TIMING-18#17 Warning
Missing input or output delay  
An output delay is missing on OUT[23] relative to clock(s) clk
Related violations: <none>

TIMING-18#18 Warning
Missing input or output delay  
An output delay is missing on OUT[24] relative to clock(s) clk
Related violations: <none>

TIMING-18#19 Warning
Missing input or output delay  
An output delay is missing on OUT[25] relative to clock(s) clk
Related violations: <none>

TIMING-18#20 Warning
Missing input or output delay  
An output delay is missing on OUT[26] relative to clock(s) clk
Related violations: <none>

TIMING-18#21 Warning
Missing input or output delay  
An output delay is missing on OUT[27] relative to clock(s) clk
Related violations: <none>

TIMING-18#22 Warning
Missing input or output delay  
An output delay is missing on OUT[28] relative to clock(s) clk
Related violations: <none>

TIMING-18#23 Warning
Missing input or output delay  
An output delay is missing on OUT[29] relative to clock(s) clk
Related violations: <none>

TIMING-18#24 Warning
Missing input or output delay  
An output delay is missing on OUT[2] relative to clock(s) clk
Related violations: <none>

TIMING-18#25 Warning
Missing input or output delay  
An output delay is missing on OUT[30] relative to clock(s) clk
Related violations: <none>

TIMING-18#26 Warning
Missing input or output delay  
An output delay is missing on OUT[31] relative to clock(s) clk
Related violations: <none>

TIMING-18#27 Warning
Missing input or output delay  
An output delay is missing on OUT[3] relative to clock(s) clk
Related violations: <none>

TIMING-18#28 Warning
Missing input or output delay  
An output delay is missing on OUT[4] relative to clock(s) clk
Related violations: <none>

TIMING-18#29 Warning
Missing input or output delay  
An output delay is missing on OUT[5] relative to clock(s) clk
Related violations: <none>

TIMING-18#30 Warning
Missing input or output delay  
An output delay is missing on OUT[6] relative to clock(s) clk
Related violations: <none>

TIMING-18#31 Warning
Missing input or output delay  
An output delay is missing on OUT[7] relative to clock(s) clk
Related violations: <none>

TIMING-18#32 Warning
Missing input or output delay  
An output delay is missing on OUT[8] relative to clock(s) clk
Related violations: <none>

TIMING-18#33 Warning
Missing input or output delay  
An output delay is missing on OUT[9] relative to clock(s) clk
Related violations: <none>

TIMING-18#34 Warning
Missing input or output delay  
An output delay is missing on negative relative to clock(s) clk
Related violations: <none>

TIMING-18#35 Warning
Missing input or output delay  
An output delay is missing on overflow relative to clock(s) clk
Related violations: <none>

TIMING-18#36 Warning
Missing input or output delay  
An output delay is missing on zero relative to clock(s) clk
Related violations: <none>


