#-----------------------------------------------------------
# Vivado v2018.2 (64-bit)
# SW Build 2258646 on Thu Jun 14 20:03:12 MDT 2018
# IP Build 2256618 on Thu Jun 14 22:10:49 MDT 2018
# Start of session at: Sat Apr 20 17:38:14 2024
# Process ID: 10932
# Current directory: D:/UNI/FYP/FYP--Risc-V-32-bit-Matrix-Mac/Project/Single_Cycle_Processor_V_2.0
# Command line: vivado.exe -gui_launcher_event rodinguilauncherevent13212 D:\UNI\FYP\FYP--Risc-V-32-bit-Matrix-Mac\Project\Single_Cycle_Processor_V_2.0\Single_Cycle_Processor_V_2.0.xpr
# Log file: D:/UNI/FYP/FYP--Risc-V-32-bit-Matrix-Mac/Project/Single_Cycle_Processor_V_2.0/vivado.log
# Journal file: D:/UNI/FYP/FYP--Risc-V-32-bit-Matrix-Mac/Project/Single_Cycle_Processor_V_2.0\vivado.jou
#-----------------------------------------------------------
start_gui
open_project D:/UNI/FYP/FYP--Risc-V-32-bit-Matrix-Mac/Project/Single_Cycle_Processor_V_2.0/Single_Cycle_Processor_V_2.0.xpr
Scanning sources...
Finished scanning sources
INFO: [IP_Flow 19-234] Refreshing IP repositories
INFO: [IP_Flow 19-1704] No user IP repositories specified
INFO: [IP_Flow 19-2313] Loaded Vivado IP repository 'C:/Xilinx/Vivado/2018.2/data/ip'.
open_project: Time (s): cpu = 00:00:16 ; elapsed = 00:00:11 . Memory (MB): peak = 866.879 ; gain = 119.004
update_compile_order -fileset sources_1
exit
INFO: [Common 17-206] Exiting Vivado at Sat Apr 20 21:27:39 2024...
