Vivado Simulator 2018.2
Copyright 1986-1999, 2001-2018 Xilinx, Inc. All Rights Reserved.
Running: C:/Xilinx/Vivado/2018.2/bin/unwrapped/win64.o/xelab.exe -wto 9104510473b045ada1496dfe48243ca1 --incr --debug typical --relax --mt 2 -L xil_defaultlib -L unisims_ver -L unimacro_ver -L secureip --snapshot Pipelined_Top_Testbench_behav xil_defaultlib.Pipelined_Top_Testbench xil_defaultlib.glbl -log elaborate.log 
Using 2 slave threads.
Starting static elaboration
WARNING: [VRFC 10-278] actual bit length 32 differs from formal bit length 13 for port A_11 [D:/UNI/FYP/FYP--Risc-V-32-bit-Matrix-Mac/Project/RISC_V_MAC_Processor/RISC_V_MAC_Processor.srcs/sources_1/imports/new/Memory_Cycle.v:82]
WARNING: [VRFC 10-278] actual bit length 32 differs from formal bit length 13 for port A_21 [D:/UNI/FYP/FYP--Risc-V-32-bit-Matrix-Mac/Project/RISC_V_MAC_Processor/RISC_V_MAC_Processor.srcs/sources_1/imports/new/Memory_Cycle.v:83]
WARNING: [VRFC 10-278] actual bit length 32 differs from formal bit length 13 for port A_31 [D:/UNI/FYP/FYP--Risc-V-32-bit-Matrix-Mac/Project/RISC_V_MAC_Processor/RISC_V_MAC_Processor.srcs/sources_1/imports/new/Memory_Cycle.v:84]
WARNING: [VRFC 10-278] actual bit length 32 differs from formal bit length 13 for port A_41 [D:/UNI/FYP/FYP--Risc-V-32-bit-Matrix-Mac/Project/RISC_V_MAC_Processor/RISC_V_MAC_Processor.srcs/sources_1/imports/new/Memory_Cycle.v:85]
WARNING: [VRFC 10-278] actual bit length 32 differs from formal bit length 13 for port A_51 [D:/UNI/FYP/FYP--Risc-V-32-bit-Matrix-Mac/Project/RISC_V_MAC_Processor/RISC_V_MAC_Processor.srcs/sources_1/imports/new/Memory_Cycle.v:86]
WARNING: [VRFC 10-278] actual bit length 32 differs from formal bit length 13 for port MAC_A_11 [D:/UNI/FYP/FYP--Risc-V-32-bit-Matrix-Mac/Project/RISC_V_MAC_Processor/RISC_V_MAC_Processor.srcs/sources_1/imports/new/Memory_Cycle.v:96]
WARNING: [VRFC 10-278] actual bit length 32 differs from formal bit length 13 for port MAC_A_21 [D:/UNI/FYP/FYP--Risc-V-32-bit-Matrix-Mac/Project/RISC_V_MAC_Processor/RISC_V_MAC_Processor.srcs/sources_1/imports/new/Memory_Cycle.v:97]
WARNING: [VRFC 10-278] actual bit length 32 differs from formal bit length 13 for port MAC_A_31 [D:/UNI/FYP/FYP--Risc-V-32-bit-Matrix-Mac/Project/RISC_V_MAC_Processor/RISC_V_MAC_Processor.srcs/sources_1/imports/new/Memory_Cycle.v:98]
WARNING: [VRFC 10-278] actual bit length 32 differs from formal bit length 13 for port MAC_A_41 [D:/UNI/FYP/FYP--Risc-V-32-bit-Matrix-Mac/Project/RISC_V_MAC_Processor/RISC_V_MAC_Processor.srcs/sources_1/imports/new/Memory_Cycle.v:99]
WARNING: [VRFC 10-278] actual bit length 32 differs from formal bit length 13 for port MAC_A_51 [D:/UNI/FYP/FYP--Risc-V-32-bit-Matrix-Mac/Project/RISC_V_MAC_Processor/RISC_V_MAC_Processor.srcs/sources_1/imports/new/Memory_Cycle.v:100]
Completed static elaboration
Starting simulation data flow analysis
Completed simulation data flow analysis
Time Resolution for simulation is 1ps
Compiling module xil_defaultlib.MUX_2_by_1
Compiling module xil_defaultlib.Adder
Compiling module xil_defaultlib.Program_Counter
Compiling module xil_defaultlib.Instruction_Memory
Compiling module xil_defaultlib.fetch_cycle
Compiling module xil_defaultlib.Main_Decoder
Compiling module xil_defaultlib.ALU_Decoder
Compiling module xil_defaultlib.MAC_Decoder
Compiling module xil_defaultlib.Control_Unit_Top
Compiling module xil_defaultlib.Register_File
Compiling module xil_defaultlib.Sign_Extend
Compiling module xil_defaultlib.decode_cycle
Compiling module xil_defaultlib.Mux_3_by_1
Compiling module xil_defaultlib.ALU
Compiling module xil_defaultlib.execute_cycle
Compiling module xil_defaultlib.Data_Memory
Compiling module xil_defaultlib.Matrix_MAC
Compiling module xil_defaultlib.memory_cycle
Compiling module xil_defaultlib.writeback_cycle
Compiling module xil_defaultlib.hazard_unit
Compiling module xil_defaultlib.Pipeline_top
Compiling module xil_defaultlib.Pipelined_Top_Testbench
Compiling module xil_defaultlib.glbl
Built simulation snapshot Pipelined_Top_Testbench_behav
