#-----------------------------------------------------------
# Vivado v2018.2 (64-bit)
# SW Build 2258646 on Thu Jun 14 20:03:12 MDT 2018
# IP Build 2256618 on Thu Jun 14 22:10:49 MDT 2018
# Start of session at: Tue Dec 19 08:07:49 2023
# Process ID: 6460
# Current directory: D:/UNI/FYP/FYP--Risc-V-32-bit-Matrix-Mac/Project/Pipline_Five_v_2.0
# Command line: vivado.exe -gui_launcher_event rodinguilauncherevent7568 D:\UNI\FYP\FYP--Risc-V-32-bit-Matrix-Mac\Project\Pipline_Five_v_2.0\Pipline_Five_v_2.0.xpr
# Log file: D:/UNI/FYP/FYP--Risc-V-32-bit-Matrix-Mac/Project/Pipline_Five_v_2.0/vivado.log
# Journal file: D:/UNI/FYP/FYP--Risc-V-32-bit-Matrix-Mac/Project/Pipline_Five_v_2.0\vivado.jou
#-----------------------------------------------------------
start_gui
open_project D:/UNI/FYP/FYP--Risc-V-32-bit-Matrix-Mac/Project/Pipline_Five_v_2.0/Pipline_Five_v_2.0.xpr
Scanning sources...
Finished scanning sources
INFO: [IP_Flow 19-234] Refreshing IP repositories
INFO: [IP_Flow 19-1704] No user IP repositories specified
INFO: [IP_Flow 19-2313] Loaded Vivado IP repository 'C:/Xilinx/Vivado/2018.2/data/ip'.
open_project: Time (s): cpu = 00:00:13 ; elapsed = 00:00:06 . Memory (MB): peak = 986.430 ; gain = 224.965
open_run impl_1
INFO: [Netlist 29-17] Analyzing 47 Unisim elements for replacement
INFO: [Netlist 29-28] Unisim Transformation completed in 0 CPU seconds
INFO: [Project 1-479] Netlist was created with Vivado 2018.2
INFO: [Device 21-403] Loading part xc7a100tcsg324-1
INFO: [Project 1-570] Preparing netlist for logic optimization
INFO: [Timing 38-478] Restoring timing data from binary archive.
INFO: [Timing 38-479] Binary timing data restore complete.
INFO: [Project 1-856] Restoring constraints from binary archive.
INFO: [Project 1-853] Binary constraint restore complete.
Reading XDEF placement.
Reading placer database...
Reading XDEF routing.
Read XDEF File: Time (s): cpu = 00:00:01 ; elapsed = 00:00:00.095 . Memory (MB): peak = 1787.059 ; gain = 0.000
Restored from archive | CPU: 1.000000 secs | Memory: 0.000000 MB |
Finished XDEF File Restore: Time (s): cpu = 00:00:01 ; elapsed = 00:00:00.095 . Memory (MB): peak = 1787.059 ; gain = 0.000
INFO: [Project 1-111] Unisim Transformation Summary:
  A total of 12 instances were transformed.
  RAM32M => RAM32M (inverted pins: WCLK) (RAMD32, RAMD32, RAMD32, RAMD32, RAMD32, RAMD32, RAMS32, RAMS32): 12 instances

open_run: Time (s): cpu = 00:00:23 ; elapsed = 00:00:22 . Memory (MB): peak = 1904.551 ; gain = 901.852
WARNING: [Timing 38-313] There are no user specified timing constraints. Timing constraints are needed for proper timing analysis.
report_utilization -name utilization_1
report_utilization: Time (s): cpu = 00:00:06 ; elapsed = 00:00:02 . Memory (MB): peak = 1936.906 ; gain = 7.316
reset_run synth_1
launch_runs synth_1 -jobs 3
[Tue Dec 19 08:18:01 2023] Launched synth_1...
Run output will be captured here: D:/UNI/FYP/FYP--Risc-V-32-bit-Matrix-Mac/Project/Pipline_Five_v_2.0/Pipline_Five_v_2.0.runs/synth_1/runme.log
launch_runs impl_1 -jobs 3
[Tue Dec 19 08:19:22 2023] Launched impl_1...
Run output will be captured here: D:/UNI/FYP/FYP--Risc-V-32-bit-Matrix-Mac/Project/Pipline_Five_v_2.0/Pipline_Five_v_2.0.runs/impl_1/runme.log
refresh_design
INFO: [Netlist 29-17] Analyzing 47 Unisim elements for replacement
INFO: [Netlist 29-28] Unisim Transformation completed in 0 CPU seconds
INFO: [Project 1-479] Netlist was created with Vivado 2018.2
INFO: [Project 1-570] Preparing netlist for logic optimization
INFO: [Timing 38-478] Restoring timing data from binary archive.
INFO: [Timing 38-479] Binary timing data restore complete.
INFO: [Project 1-856] Restoring constraints from binary archive.
INFO: [Project 1-853] Binary constraint restore complete.
Reading XDEF placement.
Reading placer database...
Reading XDEF routing.
Read XDEF File: Time (s): cpu = 00:00:00 ; elapsed = 00:00:00.078 . Memory (MB): peak = 1948.672 ; gain = 0.000
Restored from archive | CPU: 0.000000 secs | Memory: 0.000000 MB |
Finished XDEF File Restore: Time (s): cpu = 00:00:00 ; elapsed = 00:00:00.078 . Memory (MB): peak = 1948.672 ; gain = 0.000
reset_run synth_1
launch_runs impl_1 -jobs 3
[Tue Dec 19 08:21:13 2023] Launched synth_1...
Run output will be captured here: D:/UNI/FYP/FYP--Risc-V-32-bit-Matrix-Mac/Project/Pipline_Five_v_2.0/Pipline_Five_v_2.0.runs/synth_1/runme.log
[Tue Dec 19 08:21:13 2023] Launched impl_1...
Run output will be captured here: D:/UNI/FYP/FYP--Risc-V-32-bit-Matrix-Mac/Project/Pipline_Five_v_2.0/Pipline_Five_v_2.0.runs/impl_1/runme.log
report_utilization -name utilization_1
report_utilization: Time (s): cpu = 00:00:03 ; elapsed = 00:00:01 . Memory (MB): peak = 1954.215 ; gain = 0.000
report_timing_summary -delay_type min_max -report_unconstrained -check_timing_verbose -max_paths 10 -input_pins -routable_nets -name timing_1
INFO: [Timing 38-91] UpdateTimingParams: Speed grade: -1, Delay Type: min_max.
INFO: [Timing 38-191] Multithreading enabled for timing update using a maximum of 2 CPUs
reset_run synth_1
launch_runs impl_1 -jobs 3
[Wed Dec 20 07:44:25 2023] Launched synth_1...
Run output will be captured here: D:/UNI/FYP/FYP--Risc-V-32-bit-Matrix-Mac/Project/Pipline_Five_v_2.0/Pipline_Five_v_2.0.runs/synth_1/runme.log
[Wed Dec 20 07:44:25 2023] Launched impl_1...
Run output will be captured here: D:/UNI/FYP/FYP--Risc-V-32-bit-Matrix-Mac/Project/Pipline_Five_v_2.0/Pipline_Five_v_2.0.runs/impl_1/runme.log
reset_run synth_1
launch_runs impl_1 -jobs 3
[Wed Dec 20 07:48:57 2023] Launched synth_1...
Run output will be captured here: D:/UNI/FYP/FYP--Risc-V-32-bit-Matrix-Mac/Project/Pipline_Five_v_2.0/Pipline_Five_v_2.0.runs/synth_1/runme.log
[Wed Dec 20 07:48:57 2023] Launched impl_1...
Run output will be captured here: D:/UNI/FYP/FYP--Risc-V-32-bit-Matrix-Mac/Project/Pipline_Five_v_2.0/Pipline_Five_v_2.0.runs/impl_1/runme.log
create_clock -period 3.100 -name clk_100mhz -waveform {0.000 1.550} [get_ports -filter { NAME =~  "clk_100mhz" && DIRECTION == "IN" }]
save_constraints -force
reset_run synth_1
launch_runs impl_1 -jobs 3
[Wed Dec 20 07:55:13 2023] Launched synth_1...
Run output will be captured here: D:/UNI/FYP/FYP--Risc-V-32-bit-Matrix-Mac/Project/Pipline_Five_v_2.0/Pipline_Five_v_2.0.runs/synth_1/runme.log
[Wed Dec 20 07:55:13 2023] Launched impl_1...
Run output will be captured here: D:/UNI/FYP/FYP--Risc-V-32-bit-Matrix-Mac/Project/Pipline_Five_v_2.0/Pipline_Five_v_2.0.runs/impl_1/runme.log
report_timing_summary -delay_type min_max -report_unconstrained -check_timing_verbose -max_paths 10 -input_pins -routable_nets -name timing_1
INFO: [Timing 38-35] Done setting XDC timing constraints.
INFO: [Timing 38-91] UpdateTimingParams: Speed grade: -1, Delay Type: min_max.
INFO: [Timing 38-191] Multithreading enabled for timing update using a maximum of 2 CPUs
reset_run impl_1
launch_runs impl_1 -jobs 3
[Wed Dec 20 08:01:05 2023] Launched impl_1...
Run output will be captured here: D:/UNI/FYP/FYP--Risc-V-32-bit-Matrix-Mac/Project/Pipline_Five_v_2.0/Pipline_Five_v_2.0.runs/impl_1/runme.log
Running Vector-less Activity Propagation...

Finished Running Vector-less Activity Propagation
report_utilization -name utilization_2
report_utilization: Time (s): cpu = 00:00:05 ; elapsed = 00:00:01 . Memory (MB): peak = 2003.914 ; gain = 0.000
report_power -name {power_1}
Command: report_power -name power_1
Running Vector-less Activity Propagation...

Finished Running Vector-less Activity Propagation
0 Infos, 0 Warnings, 0 Critical Warnings and 0 Errors encountered.
report_power completed successfully
report_timing_summary -delay_type min_max -report_unconstrained -check_timing_verbose -max_paths 10 -input_pins -routable_nets -name timing_2
INFO: [Timing 38-91] UpdateTimingParams: Speed grade: -1, Delay Type: min_max.
INFO: [Timing 38-191] Multithreading enabled for timing update using a maximum of 2 CPUs
exit
INFO: [Common 17-206] Exiting Vivado at Wed Dec 20 08:16:00 2023...
